<?xml version="1.0" encoding="UTF-8"?>
<testsuite xmlns:xsi="http://www.w3.org/2001/XMLSchema-instance" xsi:noNamespaceSchemaLocation="https://maven.apache.org/surefire/maven-surefire-plugin/xsd/surefire-test-report-3.0.xsd" version="3.0" name="praktikum.IngredientTest" time="0.016" tests="24" errors="0" skipped="0" failures="0">
  <properties>
[...]
</properties>
  <testcase name="ingredientConstructorSetsNameCorrectly[0]" classname="praktikum.IngredientTest" time="0.0"/>
  <testcase name="ingredientConstructorSetsTypeCorrectly[0]" classname="praktikum.IngredientTest" time="0.0"/>
  <testcase name="ingredientConstructorSetsPriceCorrectly[0]" classname="praktikum.IngredientTest" time="0.0"/>
  <testcase name="getPriceReturnsCorrectPrice[0]" classname="praktikum.IngredientTest" time="0.0"/>
  <testcase name="getNameReturnsCorrectName[0]" classname="praktikum.IngredientTest" time="0.0"/>
  <testcase name="getTypeReturnsCorrectType[0]" classname="praktikum.IngredientTest" time="0.0"/>
  <testcase name="ingredientConstructorSetsNameCorrectly[1]" classname="praktikum.IngredientTest" time="0.0"/>
  <testcase name="ingredientConstructorSetsTypeCorrectly[1]" classname="praktikum.IngredientTest" time="0.001"/>
  <testcase name="ingredientConstructorSetsPriceCorrectly[1]" classname="praktikum.IngredientTest" time="0.003"/>
  <testcase name="getPriceReturnsCorrectPrice[1]" classname="praktikum.IngredientTest" time="0.001"/>
  <testcase name="getNameReturnsCorrectName[1]" classname="praktikum.IngredientTest" time="0.0"/>
  <testcase name="getTypeReturnsCorrectType[1]" classname="praktikum.IngredientTest" time="0.0"/>
  <testcase name="ingredientConstructorSetsNameCorrectly[2]" classname="praktikum.IngredientTest" time="0.0"/>
  <testcase name="ingredientConstructorSetsTypeCorrectly[2]" classname="praktikum.IngredientTest" time="0.0"/>
  <testcase name="ingredientConstructorSetsPriceCorrectly[2]" classname="praktikum.IngredientTest" time="0.0"/>
  <testcase name="getPriceReturnsCorrectPrice[2]" classname="praktikum.IngredientTest" time="0.0"/>
  <testcase name="getNameReturnsCorrectName[2]" classname="praktikum.IngredientTest" time="0.0"/>
  <testcase name="getTypeReturnsCorrectType[2]" classname="praktikum.IngredientTest" time="0.0"/>
  <testcase name="ingredientConstructorSetsNameCorrectly[3]" classname="praktikum.IngredientTest" time="0.001"/>
  <testcase name="ingredientConstructorSetsTypeCorrectly[3]" classname="praktikum.IngredientTest" time="0.0"/>
  <testcase name="ingredientConstructorSetsPriceCorrectly[3]" classname="praktikum.IngredientTest" time="0.0"/>
  <testcase name="getPriceReturnsCorrectPrice[3]" classname="praktikum.IngredientTest" time="0.0"/>
  <testcase name="getNameReturnsCorrectName[3]" classname="praktikum.IngredientTest" time="0.0"/>
  <testcase name="getTypeReturnsCorrectType[3]" classname="praktikum.IngredientTest" time="0.0"/>
</testsuite>